mode: count
aitring/handlers/audios/store.go:23.40,27.2 1 0
aitring/handlers/audios/store.go:35.42,40.3 1 0
aitring/handlers/audios/store.go:47.71,52.40 4 0
aitring/handlers/audios/store.go:52.40,55.6 2 0
aitring/handlers/audios/store.go:58.5,59.20 2 0
aitring/handlers/audios/store.go:59.20,60.71 1 0
aitring/handlers/audios/store.go:60.71,62.10 1 0
aitring/handlers/audios/store.go:65.5,68.53 3 0
aitring/handlers/audios/store.go:68.53,69.62 1 0
aitring/handlers/audios/store.go:69.62,72.10 2 0
aitring/handlers/audios/store.go:74.9,75.28 2 0
aitring/handlers/audios/store.go:75.28,78.10 2 0
aitring/handlers/audios/store.go:80.9,81.42 2 0
aitring/handlers/audios/store.go:81.42,83.27 2 0
aitring/handlers/audios/store.go:83.27,86.14 2 0
aitring/handlers/audios/store.go:87.13,89.27 3 0
aitring/handlers/audios/store.go:89.27,92.14 2 0
aitring/handlers/audios/store.go:94.13,106.75 4 0
aitring/handlers/audios/store.go:106.75,109.14 2 0
aitring/handlers/audios/store.go:111.13,114.15 1 0
aitring/handlers/audios/store.go:118.9,121.15 4 0
aitring/handlers/audios/store.go:123.11,126.23 3 0
aitring/handlers/audios/store.go:126.23,129.10 2 0
aitring/handlers/audios/store.go:130.9,130.17 1 0
aitring/handlers/audios/store.go:134.5,147.67 4 0
aitring/handlers/audios/store.go:147.67,150.6 2 0
aitring/handlers/audios/store.go:153.5,158.7 3 0
aitring/handlers/audios/store.go:161.76,164.16 3 0
aitring/handlers/audios/store.go:164.16,167.3 2 0
aitring/handlers/audios/store.go:168.2,168.46 1 0
aitring/handlers/audios/store.go:171.79,174.16 3 0
aitring/handlers/audios/store.go:174.16,178.3 2 0
aitring/handlers/audios/store.go:179.2,179.48 1 0
aitring/handlers/audios/store.go:182.73,185.37 3 0
aitring/handlers/audios/store.go:185.37,185.118 2 0
aitring/handlers/audios/store.go:187.2,188.16 2 0
aitring/handlers/audios/store.go:188.16,188.82 2 0
aitring/handlers/audios/store.go:189.2,191.6 2 0
aitring/handlers/audios/store.go:191.6,193.17 2 0
aitring/handlers/audios/store.go:193.17,193.27 1 0
aitring/handlers/audios/store.go:196.3,198.36 3 0
aitring/handlers/audios/store.go:198.36,200.4 1 0
aitring/handlers/audios/store.go:200.9,205.56 2 0
aitring/handlers/audios/store.go:205.56,207.13 2 0
aitring/handlers/audios/store.go:209.4,209.31 1 0
aitring/handlers/audios/store.go:209.31,209.107 1 0
aitring/handlers/audios/store.go:209.107,209.122 1 0
aitring/handlers/audios/store.go:210.4,210.30 1 0
aitring/handlers/audios/store.go:210.30,212.13 2 0
aitring/handlers/audios/store.go:214.4,215.18 2 0
aitring/handlers/audios/store.go:215.18,215.112 2 0
aitring/handlers/audios/store.go:216.4,216.12 1 0
aitring/handlers/audios/store.go:219.3,228.10 8 0
aitring/handlers/audios/store.go:228.10,228.20 1 0
aitring/handlers/audios/store.go:231.3,231.10 1 0
aitring/handlers/audios/store.go:232.24,235.51 3 0
aitring/handlers/audios/store.go:236.38,237.136 1 0
aitring/app/app.go:23.19,30.2 3 0
aitring/app/app.go:32.22,36.2 1 0
aitring/app/app.go:38.21,42.2 1 0
aitring/app/app.go:44.24,45.15 1 0
aitring/app/app.go:45.15,46.22 1 0
aitring/app/app.go:46.22,47.41 1 0
aitring/app/app.go:47.41,49.14 1 0
aitring/app/app.go:51.9,51.13 1 0
aitring/app/app.go:56.14,64.17 7 0
aitring/app/app.go:64.17,66.3 1 0
aitring/app/app.go:67.2,69.23 2 0
aitring/app/routes.go:14.49,15.71 1 0
aitring/app/routes.go:15.71,26.37 4 0
aitring/app/routes.go:26.37,29.4 2 0
aitring/app/routes.go:31.3,31.23 1 0
aitring/app/routes.go:35.50,38.19 1 0
aitring/app/routes.go:38.19,40.3 1 0
aitring/app/routes.go:43.2,59.72 6 0
aitring/app/routes.go:59.72,63.3 1 0
aitring/app/routes.go:68.2,72.50 3 0
aitring/app/app.go:23.19,30.2 3 0
aitring/app/app.go:32.22,36.2 1 0
aitring/app/app.go:38.21,42.2 1 0
aitring/app/app.go:44.24,45.15 1 0
aitring/app/app.go:45.15,46.22 1 0
aitring/app/app.go:46.22,47.41 1 0
aitring/app/app.go:47.41,49.14 1 0
aitring/app/app.go:51.9,51.13 1 0
aitring/app/app.go:56.14,64.17 7 0
aitring/app/app.go:64.17,66.3 1 0
aitring/app/app.go:67.2,69.23 2 0
aitring/app/routes.go:14.49,15.71 1 0
aitring/app/routes.go:15.71,26.37 4 0
aitring/app/routes.go:26.37,29.4 2 0
aitring/app/routes.go:31.3,31.23 1 0
aitring/app/routes.go:35.50,38.19 1 0
aitring/app/routes.go:38.19,40.3 1 0
aitring/app/routes.go:43.2,59.72 6 0
aitring/app/routes.go:59.72,63.3 1 0
aitring/app/routes.go:68.2,72.50 3 0
aitring/handlers/audios/store.go:23.40,27.2 1 0
aitring/handlers/audios/store.go:35.42,40.3 1 0
aitring/handlers/audios/store.go:47.71,52.40 4 0
aitring/handlers/audios/store.go:52.40,55.6 2 0
aitring/handlers/audios/store.go:58.5,59.20 2 0
aitring/handlers/audios/store.go:59.20,60.71 1 0
aitring/handlers/audios/store.go:60.71,62.10 1 0
aitring/handlers/audios/store.go:65.5,68.53 3 0
aitring/handlers/audios/store.go:68.53,69.62 1 0
aitring/handlers/audios/store.go:69.62,72.10 2 0
aitring/handlers/audios/store.go:74.9,75.28 2 0
aitring/handlers/audios/store.go:75.28,78.10 2 0
aitring/handlers/audios/store.go:80.9,81.42 2 0
aitring/handlers/audios/store.go:81.42,83.27 2 0
aitring/handlers/audios/store.go:83.27,86.14 2 0
aitring/handlers/audios/store.go:87.13,89.27 3 0
aitring/handlers/audios/store.go:89.27,92.14 2 0
aitring/handlers/audios/store.go:94.13,106.75 4 0
aitring/handlers/audios/store.go:106.75,109.14 2 0
aitring/handlers/audios/store.go:111.13,114.15 1 0
aitring/handlers/audios/store.go:118.9,121.15 4 0
aitring/handlers/audios/store.go:123.11,126.23 3 0
aitring/handlers/audios/store.go:126.23,129.10 2 0
aitring/handlers/audios/store.go:130.9,130.17 1 0
aitring/handlers/audios/store.go:134.5,147.67 4 0
aitring/handlers/audios/store.go:147.67,150.6 2 0
aitring/handlers/audios/store.go:153.5,158.7 3 0
aitring/handlers/audios/store.go:161.76,164.16 3 0
aitring/handlers/audios/store.go:164.16,167.3 2 0
aitring/handlers/audios/store.go:168.2,168.46 1 0
aitring/handlers/audios/store.go:171.79,174.16 3 0
aitring/handlers/audios/store.go:174.16,178.3 2 0
aitring/handlers/audios/store.go:179.2,179.48 1 0
aitring/handlers/audios/store.go:182.73,185.37 3 0
aitring/handlers/audios/store.go:185.37,185.118 2 0
aitring/handlers/audios/store.go:187.2,188.16 2 0
aitring/handlers/audios/store.go:188.16,188.82 2 0
aitring/handlers/audios/store.go:189.2,191.6 2 0
aitring/handlers/audios/store.go:191.6,193.17 2 0
aitring/handlers/audios/store.go:193.17,193.27 1 0
aitring/handlers/audios/store.go:196.3,198.36 3 0
aitring/handlers/audios/store.go:198.36,200.4 1 0
aitring/handlers/audios/store.go:200.9,205.56 2 0
aitring/handlers/audios/store.go:205.56,207.13 2 0
aitring/handlers/audios/store.go:209.4,209.31 1 0
aitring/handlers/audios/store.go:209.31,209.107 1 0
aitring/handlers/audios/store.go:209.107,209.122 1 0
aitring/handlers/audios/store.go:210.4,210.30 1 0
aitring/handlers/audios/store.go:210.30,212.13 2 0
aitring/handlers/audios/store.go:214.4,215.18 2 0
aitring/handlers/audios/store.go:215.18,215.112 2 0
aitring/handlers/audios/store.go:216.4,216.12 1 0
aitring/handlers/audios/store.go:219.3,228.10 8 0
aitring/handlers/audios/store.go:228.10,228.20 1 0
aitring/handlers/audios/store.go:231.3,231.10 1 0
aitring/handlers/audios/store.go:232.24,235.51 3 0
aitring/handlers/audios/store.go:236.38,237.136 1 0
aitring/services/audios/impl.go:11.37,16.2 1 4
aitring/services/audios/impl.go:24.90,26.3 1 1
aitring/services/audios/impl.go:29.79,32.3 1 2
aitring/services/audios/impl.go:33.80,36.3 1 2
